#
# A fatal error has been detected by the Java Runtime Environment:
#
#  Internal Error (javaClasses.cpp:129), pid=39800, tid=140586324817664
#  fatal error: Invalid layout of preloaded class
#
# JRE version: 7.0_21-b02
# Java VM: OpenJDK 64-Bit Server VM (23.7-b01 mixed mode linux-amd64 compressed oops)
# Failed to write core dump. Core dumps have been disabled. To enable core dumping, try "ulimit -c unlimited" before starting Java again
#
# If you would like to submit a bug report, please include
# instructions on how to reproduce the bug and visit:
#   https://bugs.launchpad.net/ubuntu/+source/openjdk-7/
#

---------------  T H R E A D  ---------------

Current thread (0x00007fdcc4009000):  JavaThread "Unknown thread" [_thread_in_vm, id=39805, stack(0x00007fdccde37000,0x00007fdccdf38000)]

Stack: [0x00007fdccde37000,0x00007fdccdf38000],  sp=0x00007fdccdf369e0,  free space=1022k
Native frames: (J=compiled Java code, j=interpreted, Vv=VM code, C=native code)
V  [libjvm.so+0x8569cb]  VMError::report_and_die()+0x16b
V  [libjvm.so+0x3ee327]  report_fatal(char const*, int, char const*)+0x57
V  [libjvm.so+0x52acba]  compute_offset(int&, klassOopDesc*, Symbol*, Symbol*, bool) [clone .constprop.122]+0x11a
V  [libjvm.so+0x52adc6]  java_lang_String::compute_offsets()+0x36
V  [libjvm.so+0x7e354d]  SystemDictionary::initialize_preloaded_classes(Thread*)+0x3d
V  [libjvm.so+0x8304a8]  Universe::genesis(Thread*)+0x468
V  [libjvm.so+0x83095f]  universe2_init()+0x1f
V  [libjvm.so+0x4df59a]  init_globals()+0x9a
V  [libjvm.so+0x813ecc]  Threads::create_vm(JavaVMInitArgs*, bool*)+0x39c
V  [libjvm.so+0x547948]  JNI_CreateJavaVM+0x58
C  [libjli.so+0x2b24]  __strcat_chk+0x2b24


---------------  P R O C E S S  ---------------

Java Threads: ( => current thread )

Other Threads:

=>0x00007fdcc4009000 (exited) JavaThread "Unknown thread" [_thread_in_vm, id=39805, stack(0x00007fdccde37000,0x00007fdccdf38000)]

VM state:not at safepoint (not fully initialized)

VM Mutex/Monitor currently owned by a thread: None

GC Heap History (0 events):
No events

Deoptimization events (0 events):
No events

Internal exceptions (0 events):
No events

Events (10 events):
Event: 0.115 loading class 0x00007fdcc402ace0 done
Event: 0.115 loading class 0x00007fdcc402a580 done
Event: 0.115 loading class 0x00007fdcc402a550
Event: 0.115 loading class 0x00007fdcc4055740
Event: 0.115 loading class 0x00007fdcc4055740 done
Event: 0.115 loading class 0x00007fdcc4055780
Event: 0.115 loading class 0x00007fdcc4055780 done
Event: 0.115 loading class 0x00007fdcc40557c0
Event: 0.115 loading class 0x00007fdcc40557c0 done
Event: 0.118 loading class 0x00007fdcc402a550 done


Dynamic libraries:
00400000-00401000 r-xp 00000000 08:01 3627                               /usr/lib/jvm/java-7-openjdk-amd64/jre/bin/java
00600000-00601000 r--p 00000000 08:01 3627                               /usr/lib/jvm/java-7-openjdk-amd64/jre/bin/java
00601000-00602000 rw-p 00001000 08:01 3627                               /usr/lib/jvm/java-7-openjdk-amd64/jre/bin/java
00eea000-00f0b000 rw-p 00000000 00:00 0                                  [heap]
b7e00000-b92c0000 rw-p 00000000 00:00 0 
b92c0000-c2400000 rw-p 00000000 00:00 0 
c2400000-c4d20000 rw-p 00000000 00:00 0 
c4d20000-eb6b0000 rw-p 00000000 00:00 0 
eb6b0000-ecb40000 rw-p 00000000 00:00 0 
ecb40000-100000000 rw-p 00000000 00:00 0 
7fdca8000000-7fdca8021000 rw-p 00000000 00:00 0 
7fdca8021000-7fdcac000000 ---p 00000000 00:00 0 
7fdcb0000000-7fdcb0021000 rw-p 00000000 00:00 0 
7fdcb0021000-7fdcb4000000 ---p 00000000 00:00 0 
7fdcb4000000-7fdcb4021000 rw-p 00000000 00:00 0 
7fdcb4021000-7fdcb8000000 ---p 00000000 00:00 0 
7fdcb8000000-7fdcb8021000 rw-p 00000000 00:00 0 
7fdcb8021000-7fdcbc000000 ---p 00000000 00:00 0 
7fdcbebf0000-7fdcc1000000 rw-p 00000000 00:00 0 
7fdcc1000000-7fdcc1270000 rwxp 00000000 00:00 0 
7fdcc1270000-7fdcc4060000 rw-p 00000000 00:00 0 
7fdcc4060000-7fdcc8000000 ---p 00000000 00:00 0 
7fdcc97a4000-7fdcc99e7000 rw-p 00000000 00:00 0 
7fdcc99e7000-7fdcc9aad000 r--s 0116f000 08:01 345492                     /home/adserve/XMLProjekt/sdk/platforms/android-17/android.jar
7fdcc9aad000-7fdcca3b1000 rw-p 00000000 00:00 0 
7fdcca3b1000-7fdcca3b2000 ---p 00000000 00:00 0 
7fdcca3b2000-7fdcca4b2000 rw-p 00000000 00:00 0                          [stack:39809]
7fdcca4b2000-7fdcca4b3000 ---p 00000000 00:00 0 
7fdcca4b3000-7fdcca5b3000 rw-p 00000000 00:00 0                          [stack:39808]
7fdcca5b3000-7fdcca5b4000 ---p 00000000 00:00 0 
7fdcca5b4000-7fdcca6b4000 rw-p 00000000 00:00 0                          [stack:39807]
7fdcca6b4000-7fdcca6b5000 ---p 00000000 00:00 0 
7fdcca6b5000-7fdcca7c0000 rw-p 00000000 00:00 0                          [stack:39806]
7fdcca7c0000-7fdcca808000 rw-p 00000000 00:00 0 
7fdcca808000-7fdcca81d000 rw-p 00000000 00:00 0 
7fdcca81d000-7fdcca952000 rw-p 00000000 00:00 0 
7fdcca952000-7fdcca95d000 rw-p 00000000 00:00 0 
7fdcca95d000-7fdcca9a5000 rw-p 00000000 00:00 0 
7fdcca9a5000-7fdcca9ba000 rw-p 00000000 00:00 0 
7fdcca9ba000-7fdccaaee000 rw-p 00000000 00:00 0 
7fdccaaee000-7fdccaaf9000 rw-p 00000000 00:00 0 
7fdccaaf9000-7fdccab93000 rw-p 00000000 00:00 0 
7fdccab93000-7fdccab94000 rw-p 00000000 00:00 0 
7fdccab94000-7fdccab9c000 r-xp 00000000 08:01 3626                       /usr/lib/jvm/java-7-openjdk-amd64/jre/lib/amd64/libzip.so
7fdccab9c000-7fdccad9b000 ---p 00008000 08:01 3626                       /usr/lib/jvm/java-7-openjdk-amd64/jre/lib/amd64/libzip.so
7fdccad9b000-7fdccad9c000 r--p 00007000 08:01 3626                       /usr/lib/jvm/java-7-openjdk-amd64/jre/lib/amd64/libzip.so
7fdccad9c000-7fdccad9d000 rw-p 00008000 08:01 3626                       /usr/lib/jvm/java-7-openjdk-amd64/jre/lib/amd64/libzip.so
7fdccad9d000-7fdccada9000 r-xp 00000000 08:01 274843                     /lib/x86_64-linux-gnu/libnss_files-2.15.so
7fdccada9000-7fdccafa8000 ---p 0000c000 08:01 274843                     /lib/x86_64-linux-gnu/libnss_files-2.15.so
7fdccafa8000-7fdccafa9000 r--p 0000b000 08:01 274843                     /lib/x86_64-linux-gnu/libnss_files-2.15.so
7fdccafa9000-7fdccafaa000 rw-p 0000c000 08:01 274843                     /lib/x86_64-linux-gnu/libnss_files-2.15.so
7fdccafaa000-7fdccafb4000 r-xp 00000000 08:01 274839                     /lib/x86_64-linux-gnu/libnss_nis-2.15.so
7fdccafb4000-7fdccb1b4000 ---p 0000a000 08:01 274839                     /lib/x86_64-linux-gnu/libnss_nis-2.15.so
7fdccb1b4000-7fdccb1b5000 r--p 0000a000 08:01 274839                     /lib/x86_64-linux-gnu/libnss_nis-2.15.so
7fdccb1b5000-7fdccb1b6000 rw-p 0000b000 08:01 274839                     /lib/x86_64-linux-gnu/libnss_nis-2.15.so
7fdccb1b6000-7fdccb1cd000 r-xp 00000000 08:01 301673                     /lib/x86_64-linux-gnu/libnsl-2.15.so
7fdccb1cd000-7fdccb3cc000 ---p 00017000 08:01 301673                     /lib/x86_64-linux-gnu/libnsl-2.15.so
7fdccb3cc000-7fdccb3cd000 r--p 00016000 08:01 301673                     /lib/x86_64-linux-gnu/libnsl-2.15.so
7fdccb3cd000-7fdccb3ce000 rw-p 00017000 08:01 301673                     /lib/x86_64-linux-gnu/libnsl-2.15.so
7fdccb3ce000-7fdccb3d0000 rw-p 00000000 00:00 0 
7fdccb3d0000-7fdccb3d8000 r-xp 00000000 08:01 301678                     /lib/x86_64-linux-gnu/libnss_compat-2.15.so
7fdccb3d8000-7fdccb5d7000 ---p 00008000 08:01 301678                     /lib/x86_64-linux-gnu/libnss_compat-2.15.so
7fdccb5d7000-7fdccb5d8000 r--p 00007000 08:01 301678                     /lib/x86_64-linux-gnu/libnss_compat-2.15.so
7fdccb5d8000-7fdccb5d9000 rw-p 00008000 08:01 301678                     /lib/x86_64-linux-gnu/libnss_compat-2.15.so
7fdccb5d9000-7fdccb604000 r-xp 00000000 08:01 3611                       /usr/lib/jvm/java-7-openjdk-amd64/jre/lib/amd64/libjava.so
7fdccb604000-7fdccb803000 ---p 0002b000 08:01 3611                       /usr/lib/jvm/java-7-openjdk-amd64/jre/lib/amd64/libjava.so
7fdccb803000-7fdccb804000 r--p 0002a000 08:01 3611                       /usr/lib/jvm/java-7-openjdk-amd64/jre/lib/amd64/libjava.so
7fdccb804000-7fdccb806000 rw-p 0002b000 08:01 3611                       /usr/lib/jvm/java-7-openjdk-amd64/jre/lib/amd64/libjava.so
7fdccb806000-7fdccb815000 r-xp 00000000 08:01 3610                       /usr/lib/jvm/java-7-openjdk-amd64/jre/lib/amd64/libverify.so
7fdccb815000-7fdccba14000 ---p 0000f000 08:01 3610                       /usr/lib/jvm/java-7-openjdk-amd64/jre/lib/amd64/libverify.so
7fdccba14000-7fdccba16000 r--p 0000e000 08:01 3610                       /usr/lib/jvm/java-7-openjdk-amd64/jre/lib/amd64/libverify.so
7fdccba16000-7fdccba17000 rw-p 00010000 08:01 3610                       /usr/lib/jvm/java-7-openjdk-amd64/jre/lib/amd64/libverify.so
7fdccba17000-7fdccba1e000 r-xp 00000000 08:01 300106                     /lib/x86_64-linux-gnu/librt-2.15.so
7fdccba1e000-7fdccbc1d000 ---p 00007000 08:01 300106                     /lib/x86_64-linux-gnu/librt-2.15.so
7fdccbc1d000-7fdccbc1e000 r--p 00006000 08:01 300106                     /lib/x86_64-linux-gnu/librt-2.15.so
7fdccbc1e000-7fdccbc1f000 rw-p 00007000 08:01 300106                     /lib/x86_64-linux-gnu/librt-2.15.so
7fdccbc1f000-7fdccbc34000 r-xp 00000000 08:01 267105                     /lib/x86_64-linux-gnu/libgcc_s.so.1
7fdccbc34000-7fdccbe33000 ---p 00015000 08:01 267105                     /lib/x86_64-linux-gnu/libgcc_s.so.1
7fdccbe33000-7fdccbe34000 r--p 00014000 08:01 267105                     /lib/x86_64-linux-gnu/libgcc_s.so.1
7fdccbe34000-7fdccbe35000 rw-p 00015000 08:01 267105                     /lib/x86_64-linux-gnu/libgcc_s.so.1
7fdccbe35000-7fdccbf30000 r-xp 00000000 08:01 301675                     /lib/x86_64-linux-gnu/libm-2.15.so
7fdccbf30000-7fdccc12f000 ---p 000fb000 08:01 301675                     /lib/x86_64-linux-gnu/libm-2.15.so
7fdccc12f000-7fdccc130000 r--p 000fa000 08:01 301675                     /lib/x86_64-linux-gnu/libm-2.15.so
7fdccc130000-7fdccc131000 rw-p 000fb000 08:01 301675                     /lib/x86_64-linux-gnu/libm-2.15.so
7fdccc131000-7fdccc216000 r-xp 00000000 08:01 14919                      /usr/lib/x86_64-linux-gnu/libstdc++.so.6.0.17
7fdccc216000-7fdccc415000 ---p 000e5000 08:01 14919                      /usr/lib/x86_64-linux-gnu/libstdc++.so.6.0.17
7fdccc415000-7fdccc41d000 r--p 000e4000 08:01 14919                      /usr/lib/x86_64-linux-gnu/libstdc++.so.6.0.17
7fdccc41d000-7fdccc41f000 rw-p 000ec000 08:01 14919                      /usr/lib/x86_64-linux-gnu/libstdc++.so.6.0.17
7fdccc41f000-7fdccc434000 rw-p 00000000 00:00 0 
7fdccc434000-7fdccce2f000 r-xp 00000000 08:01 3615                       /usr/lib/jvm/java-7-openjdk-amd64/jre/lib/amd64/server/libjvm.so
7fdccce2f000-7fdccd02e000 ---p 009fb000 08:01 3615                       /usr/lib/jvm/java-7-openjdk-amd64/jre/lib/amd64/server/libjvm.so
7fdccd02e000-7fdccd0ad000 r--p 009fa000 08:01 3615                       /usr/lib/jvm/java-7-openjdk-amd64/jre/lib/amd64/server/libjvm.so
7fdccd0ad000-7fdccd0d0000 rw-p 00a79000 08:01 3615                       /usr/lib/jvm/java-7-openjdk-amd64/jre/lib/amd64/server/libjvm.so
7fdccd0d0000-7fdccd0fb000 rw-p 00000000 00:00 0 
7fdccd0fb000-7fdccd111000 r-xp 00000000 08:01 267214                     /lib/x86_64-linux-gnu/libz.so.1.2.7
7fdccd111000-7fdccd310000 ---p 00016000 08:01 267214                     /lib/x86_64-linux-gnu/libz.so.1.2.7
7fdccd310000-7fdccd311000 r--p 00015000 08:01 267214                     /lib/x86_64-linux-gnu/libz.so.1.2.7
7fdccd311000-7fdccd312000 rw-p 00016000 08:01 267214                     /lib/x86_64-linux-gnu/libz.so.1.2.7
7fdccd312000-7fdccd32a000 r-xp 00000000 08:01 274841                     /lib/x86_64-linux-gnu/libpthread-2.15.so
7fdccd32a000-7fdccd529000 ---p 00018000 08:01 274841                     /lib/x86_64-linux-gnu/libpthread-2.15.so
7fdccd529000-7fdccd52a000 r--p 00017000 08:01 274841                     /lib/x86_64-linux-gnu/libpthread-2.15.so
7fdccd52a000-7fdccd52b000 rw-p 00018000 08:01 274841                     /lib/x86_64-linux-gnu/libpthread-2.15.so
7fdccd52b000-7fdccd52f000 rw-p 00000000 00:00 0 
7fdccd52f000-7fdccd531000 r-xp 00000000 08:01 301677                     /lib/x86_64-linux-gnu/libdl-2.15.so
7fdccd531000-7fdccd731000 ---p 00002000 08:01 301677                     /lib/x86_64-linux-gnu/libdl-2.15.so
7fdccd731000-7fdccd732000 r--p 00002000 08:01 301677                     /lib/x86_64-linux-gnu/libdl-2.15.so
7fdccd732000-7fdccd733000 rw-p 00003000 08:01 301677                     /lib/x86_64-linux-gnu/libdl-2.15.so
7fdccd733000-7fdccd8e8000 r-xp 00000000 08:01 301679                     /lib/x86_64-linux-gnu/libc-2.15.so
7fdccd8e8000-7fdccdae7000 ---p 001b5000 08:01 301679                     /lib/x86_64-linux-gnu/libc-2.15.so
7fdccdae7000-7fdccdaeb000 r--p 001b4000 08:01 301679                     /lib/x86_64-linux-gnu/libc-2.15.so
7fdccdaeb000-7fdccdaed000 rw-p 001b8000 08:01 301679                     /lib/x86_64-linux-gnu/libc-2.15.so
7fdccdaed000-7fdccdaf2000 rw-p 00000000 00:00 0 
7fdccdb0f000-7fdccdb1c000 r-xp 00000000 08:01 2788                       /usr/lib/jvm/java-7-openjdk-amd64/jre/lib/amd64/jli/libjli.so
7fdccdb1c000-7fdccdd1b000 ---p 0000d000 08:01 2788                       /usr/lib/jvm/java-7-openjdk-amd64/jre/lib/amd64/jli/libjli.so
7fdccdd1b000-7fdccdd1c000 r--p 0000c000 08:01 2788                       /usr/lib/jvm/java-7-openjdk-amd64/jre/lib/amd64/jli/libjli.so
7fdccdd1c000-7fdccdd1d000 rw-p 0000d000 08:01 2788                       /usr/lib/jvm/java-7-openjdk-amd64/jre/lib/amd64/jli/libjli.so
7fdccdd1d000-7fdccdd3f000 r-xp 00000000 08:01 300158                     /lib/x86_64-linux-gnu/ld-2.15.so
7fdccdd45000-7fdccdd77000 rw-p 00000000 00:00 0 
7fdccdd77000-7fdccde2d000 rw-p 00000000 00:00 0 
7fdccde2d000-7fdccde35000 rw-s 00000000 08:01 210869                     /tmp/hsperfdata_adserve/39800
7fdccde35000-7fdccde36000 rw-p 00000000 00:00 0 
7fdccde36000-7fdccde37000 r--p 00000000 00:00 0 
7fdccde37000-7fdccde3a000 ---p 00000000 00:00 0 
7fdccde3a000-7fdccdf3f000 rw-p 00000000 00:00 0                          [stack:39805]
7fdccdf3f000-7fdccdf40000 r--p 00022000 08:01 300158                     /lib/x86_64-linux-gnu/ld-2.15.so
7fdccdf40000-7fdccdf42000 rw-p 00023000 08:01 300158                     /lib/x86_64-linux-gnu/ld-2.15.so
7fffb2e4f000-7fffb2e70000 rw-p 00000000 00:00 0                          [stack]
7fffb2fc3000-7fffb2fc4000 r-xp 00000000 00:00 0                          [vdso]
ffffffffff600000-ffffffffff601000 r-xp 00000000 00:00 0                  [vsyscall]

VM Arguments:
jvm_args: -Dfile.encoding=UTF-8 -Xbootclasspath:/home/adserve/XMLProjekt/sdk/platforms/android-17/android.jar 
java_command: de.fu.xml.xread.XSLT.RDF2HTML
Launcher Type: SUN_STANDARD

Environment Variables:
PATH=/usr/local/sbin:/usr/local/bin:/usr/sbin:/usr/bin:/sbin:/bin:/usr/games:/usr/local/games:/home/adserve/jruby-1.7.3/bin
USERNAME=adserve
SHELL=/bin/bash
DISPLAY=:0.0

Signal Handlers:
SIGSEGV: [libjvm.so+0x8574b0], sa_mask[0]=0x7ffbfeff, sa_flags=0x10000004
SIGBUS: [libjvm.so+0x8574b0], sa_mask[0]=0x7ffbfeff, sa_flags=0x10000004
SIGFPE: [libjvm.so+0x6f8200], sa_mask[0]=0x7ffbfeff, sa_flags=0x10000004
SIGPIPE: [libjvm.so+0x6f8200], sa_mask[0]=0x7ffbfeff, sa_flags=0x10000004
SIGXFSZ: [libjvm.so+0x6f8200], sa_mask[0]=0x7ffbfeff, sa_flags=0x10000004
SIGILL: [libjvm.so+0x6f8200], sa_mask[0]=0x7ffbfeff, sa_flags=0x10000004
SIGUSR1: SIG_DFL, sa_mask[0]=0x00000000, sa_flags=0x00000000
SIGUSR2: [libjvm.so+0x6f85d0], sa_mask[0]=0x00000004, sa_flags=0x10000004
SIGHUP: SIG_DFL, sa_mask[0]=0x00000000, sa_flags=0x00000000
SIGINT: SIG_DFL, sa_mask[0]=0x00000000, sa_flags=0x00000000
SIGTERM: SIG_DFL, sa_mask[0]=0x00000000, sa_flags=0x00000000
SIGQUIT: SIG_DFL, sa_mask[0]=0x00000000, sa_flags=0x00000000


---------------  S Y S T E M  ---------------

OS:LinuxMint 14 (nadia)
uname:Linux 3.5.0-17-generic #28-Ubuntu SMP Tue Oct 9 19:31:23 UTC 2012 x86_64
libc:glibc 2.15 NPTL 2.15 
rlimit: STACK 8192k, CORE 0k, NPROC 31439, NOFILE 4096, AS infinity
load average:0.48 0.36 0.41

/proc/meminfo:
MemTotal:        4042636 kB
MemFree:          111560 kB
Buffers:            4556 kB
Cached:           229104 kB
SwapCached:        88032 kB
Active:          1518004 kB
Inactive:         699836 kB
Active(anon):    1458620 kB
Inactive(anon):   616192 kB
Active(file):      59384 kB
Inactive(file):    83644 kB
Unevictable:           0 kB
Mlocked:               0 kB
SwapTotal:       4217852 kB
SwapFree:        2994800 kB
Dirty:               156 kB
Writeback:             0 kB
AnonPages:       1957868 kB
Mapped:            72996 kB
Shmem:             90316 kB
Slab:              93808 kB
SReclaimable:      39812 kB
SUnreclaim:        53996 kB
KernelStack:        4680 kB
PageTables:        42460 kB
NFS_Unstable:          0 kB
Bounce:                0 kB
WritebackTmp:          0 kB
CommitLimit:     6239168 kB
Committed_AS:    6377324 kB
VmallocTotal:   34359738367 kB
VmallocUsed:      307288 kB
VmallocChunk:   34359428596 kB
HardwareCorrupted:     0 kB
AnonHugePages:         0 kB
HugePages_Total:       0
HugePages_Free:        0
HugePages_Rsvd:        0
HugePages_Surp:        0
Hugepagesize:       2048 kB
DirectMap4k:       65536 kB
DirectMap2M:     3080192 kB


CPU:total 4 (1 cores per cpu, 1 threads per core) family 6 model 58 stepping 9, cmov, cx8, fxsr, mmx, sse, sse2, sse3, ssse3, sse4.1, sse4.2, popcnt, avx, tsc, tscinvbit, tscinv

/proc/cpuinfo:
processor	: 0
vendor_id	: GenuineIntel
cpu family	: 6
model		: 58
model name	: Intel(R) Core(TM) i5-3320M CPU @ 2.60GHz
stepping	: 9
microcode	: 0x12
cpu MHz		: 2594.117
cache size	: 3072 KB
fpu		: yes
fpu_exception	: yes
cpuid level	: 13
wp		: yes
flags		: fpu vme de pse tsc msr pae mce cx8 apic sep mtrr pge mca cmov pat pse36 clflush dts mmx fxsr sse sse2 ss syscall nx rdtscp lm constant_tsc arch_perfmon pebs bts nopl xtopology tsc_reliable nonstop_tsc aperfmperf pni pclmulqdq ssse3 cx16 pcid sse4_1 sse4_2 x2apic popcnt aes xsave avx f16c rdrand hypervisor lahf_lm ida arat epb xsaveopt pln pts dtherm fsgsbase smep
bogomips	: 5188.23
clflush size	: 64
cache_alignment	: 64
address sizes	: 40 bits physical, 48 bits virtual
power management:

processor	: 1
vendor_id	: GenuineIntel
cpu family	: 6
model		: 58
model name	: Intel(R) Core(TM) i5-3320M CPU @ 2.60GHz
stepping	: 9
microcode	: 0x12
cpu MHz		: 2594.117
cache size	: 3072 KB
fpu		: yes
fpu_exception	: yes
cpuid level	: 13
wp		: yes
flags		: fpu vme de pse tsc msr pae mce cx8 apic sep mtrr pge mca cmov pat pse36 clflush dts mmx fxsr sse sse2 ss syscall nx rdtscp lm constant_tsc arch_perfmon pebs bts nopl xtopology tsc_reliable nonstop_tsc aperfmperf pni pclmulqdq ssse3 cx16 pcid sse4_1 sse4_2 x2apic popcnt aes xsave avx f16c rdrand hypervisor lahf_lm ida arat epb xsaveopt pln pts dtherm fsgsbase smep
bogomips	: 5188.23
clflush size	: 64
cache_alignment	: 64
address sizes	: 40 bits physical, 48 bits virtual
power management:

processor	: 2
vendor_id	: GenuineIntel
cpu family	: 6
model		: 58
model name	: Intel(R) Core(TM) i5-3320M CPU @ 2.60GHz
stepping	: 9
microcode	: 0x12
cpu MHz		: 2594.117
cache size	: 3072 KB
fpu		: yes
fpu_exception	: yes
cpuid level	: 13
wp		: yes
flags		: fpu vme de pse tsc msr pae mce cx8 apic sep mtrr pge mca cmov pat pse36 clflush dts mmx fxsr sse sse2 ss syscall nx rdtscp lm constant_tsc arch_perfmon pebs bts nopl xtopology tsc_reliable nonstop_tsc aperfmperf pni pclmulqdq ssse3 cx16 pcid sse4_1 sse4_2 x2apic popcnt aes xsave avx f16c rdrand hypervisor lahf_lm ida arat epb xsaveopt pln pts dtherm fsgsbase smep
bogomips	: 5188.23
clflush size	: 64
cache_alignment	: 64
address sizes	: 40 bits physical, 48 bits virtual
power management:

processor	: 3
vendor_id	: GenuineIntel
cpu family	: 6
model		: 58
model name	: Intel(R) Core(TM) i5-3320M CPU @ 2.60GHz
stepping	: 9
microcode	: 0x12
cpu MHz		: 2594.117
cache size	: 3072 KB
fpu		: yes
fpu_exception	: yes
cpuid level	: 13
wp		: yes
flags		: fpu vme de pse tsc msr pae mce cx8 apic sep mtrr pge mca cmov pat pse36 clflush dts mmx fxsr sse sse2 ss syscall nx rdtscp lm constant_tsc arch_perfmon pebs bts nopl xtopology tsc_reliable nonstop_tsc aperfmperf pni pclmulqdq ssse3 cx16 pcid sse4_1 sse4_2 x2apic popcnt aes xsave avx f16c rdrand hypervisor lahf_lm ida arat epb xsaveopt pln pts dtherm fsgsbase smep
bogomips	: 5188.23
clflush size	: 64
cache_alignment	: 64
address sizes	: 40 bits physical, 48 bits virtual
power management:



Memory: 4k page, physical 4042636k(111560k free), swap 4217852k(2994800k free)

vm_info: OpenJDK 64-Bit Server VM (23.7-b01) for linux-amd64 JRE (1.7.0_21-b02), built on Apr 22 2013 22:26:19 by "buildd" with gcc 4.7.2

time: Sat Jun 29 19:40:01 2013
elapsed time: 0 seconds

