#
# A fatal error has been detected by the Java Runtime Environment:
#
#  Internal Error (javaClasses.cpp:129), pid=46222, tid=139831124158208
#  fatal error: Invalid layout of preloaded class
#
# JRE version: 7.0_21-b02
# Java VM: OpenJDK 64-Bit Server VM (23.7-b01 mixed mode linux-amd64 compressed oops)
# Failed to write core dump. Core dumps have been disabled. To enable core dumping, try "ulimit -c unlimited" before starting Java again
#
# If you would like to submit a bug report, please include
# instructions on how to reproduce the bug and visit:
#   https://bugs.launchpad.net/ubuntu/+source/openjdk-7/
#

---------------  T H R E A D  ---------------

Current thread (0x00007f2cf0009800):  JavaThread "Unknown thread" [_thread_in_vm, id=46223, stack(0x00007f2cf86be000,0x00007f2cf87bf000)]

Stack: [0x00007f2cf86be000,0x00007f2cf87bf000],  sp=0x00007f2cf87bd9e0,  free space=1022k
Native frames: (J=compiled Java code, j=interpreted, Vv=VM code, C=native code)
V  [libjvm.so+0x8569cb]  VMError::report_and_die()+0x16b
V  [libjvm.so+0x3ee327]  report_fatal(char const*, int, char const*)+0x57
V  [libjvm.so+0x52acba]  compute_offset(int&, klassOopDesc*, Symbol*, Symbol*, bool) [clone .constprop.122]+0x11a
V  [libjvm.so+0x52adc6]  java_lang_String::compute_offsets()+0x36
V  [libjvm.so+0x7e354d]  SystemDictionary::initialize_preloaded_classes(Thread*)+0x3d
V  [libjvm.so+0x8304a8]  Universe::genesis(Thread*)+0x468
V  [libjvm.so+0x83095f]  universe2_init()+0x1f
V  [libjvm.so+0x4df59a]  init_globals()+0x9a
V  [libjvm.so+0x813ecc]  Threads::create_vm(JavaVMInitArgs*, bool*)+0x39c
V  [libjvm.so+0x547948]  JNI_CreateJavaVM+0x58
C  [libjli.so+0x2b24]  __strcat_chk+0x2b24


---------------  P R O C E S S  ---------------

Java Threads: ( => current thread )

Other Threads:

=>0x00007f2cf0009800 (exited) JavaThread "Unknown thread" [_thread_in_vm, id=46223, stack(0x00007f2cf86be000,0x00007f2cf87bf000)]

VM state:not at safepoint (not fully initialized)

VM Mutex/Monitor currently owned by a thread: None

GC Heap History (0 events):
No events

Deoptimization events (0 events):
No events

Internal exceptions (0 events):
No events

Events (10 events):
Event: 0.023 loading class 0x00007f2cf002b480 done
Event: 0.023 loading class 0x00007f2cf002ad20 done
Event: 0.023 loading class 0x00007f2cf002acf0
Event: 0.023 loading class 0x00007f2cf0055ee0
Event: 0.023 loading class 0x00007f2cf0055ee0 done
Event: 0.023 loading class 0x00007f2cf0055f20
Event: 0.023 loading class 0x00007f2cf0055f20 done
Event: 0.023 loading class 0x00007f2cf0055f60
Event: 0.023 loading class 0x00007f2cf0055f60 done
Event: 0.023 loading class 0x00007f2cf002acf0 done


Dynamic libraries:
00400000-00401000 r-xp 00000000 08:01 3627                               /usr/lib/jvm/java-7-openjdk-amd64/jre/bin/java
00600000-00601000 r--p 00000000 08:01 3627                               /usr/lib/jvm/java-7-openjdk-amd64/jre/bin/java
00601000-00602000 rw-p 00001000 08:01 3627                               /usr/lib/jvm/java-7-openjdk-amd64/jre/bin/java
0181c000-0183d000 rw-p 00000000 00:00 0                                  [heap]
b7e00000-b92c0000 rw-p 00000000 00:00 0 
b92c0000-c2400000 rw-p 00000000 00:00 0 
c2400000-c4d20000 rw-p 00000000 00:00 0 
c4d20000-eb6b0000 rw-p 00000000 00:00 0 
eb6b0000-ecb40000 rw-p 00000000 00:00 0 
ecb40000-100000000 rw-p 00000000 00:00 0 
7f2ccc000000-7f2ccc021000 rw-p 00000000 00:00 0 
7f2ccc021000-7f2cd0000000 ---p 00000000 00:00 0 
7f2cd4000000-7f2cd4021000 rw-p 00000000 00:00 0 
7f2cd4021000-7f2cd8000000 ---p 00000000 00:00 0 
7f2cdc000000-7f2cdc021000 rw-p 00000000 00:00 0 
7f2cdc021000-7f2ce0000000 ---p 00000000 00:00 0 
7f2ce4000000-7f2ce4021000 rw-p 00000000 00:00 0 
7f2ce4021000-7f2ce8000000 ---p 00000000 00:00 0 
7f2cea9e3000-7f2ced000000 rw-p 00000000 00:00 0 
7f2ced000000-7f2ced270000 rwxp 00000000 00:00 0 
7f2ced270000-7f2cf0060000 rw-p 00000000 00:00 0 
7f2cf0060000-7f2cf4000000 ---p 00000000 00:00 0 
7f2cf4238000-7f2cf426e000 rw-p 00000000 00:00 0 
7f2cf426e000-7f2cf4334000 r--s 0116f000 08:01 345492                     /home/adserve/XMLProjekt/sdk/platforms/android-17/android.jar
7f2cf4334000-7f2cf4c38000 rw-p 00000000 00:00 0 
7f2cf4c38000-7f2cf4c39000 ---p 00000000 00:00 0 
7f2cf4c39000-7f2cf4d39000 rw-p 00000000 00:00 0                          [stack:46230]
7f2cf4d39000-7f2cf4d3a000 ---p 00000000 00:00 0 
7f2cf4d3a000-7f2cf4e3a000 rw-p 00000000 00:00 0                          [stack:46228]
7f2cf4e3a000-7f2cf4e3b000 ---p 00000000 00:00 0 
7f2cf4e3b000-7f2cf4f3b000 rw-p 00000000 00:00 0                          [stack:46227]
7f2cf4f3b000-7f2cf4f3c000 ---p 00000000 00:00 0 
7f2cf4f3c000-7f2cf5047000 rw-p 00000000 00:00 0                          [stack:46225]
7f2cf5047000-7f2cf508f000 rw-p 00000000 00:00 0 
7f2cf508f000-7f2cf50a4000 rw-p 00000000 00:00 0 
7f2cf50a4000-7f2cf51d9000 rw-p 00000000 00:00 0 
7f2cf51d9000-7f2cf51e4000 rw-p 00000000 00:00 0 
7f2cf51e4000-7f2cf522c000 rw-p 00000000 00:00 0 
7f2cf522c000-7f2cf5241000 rw-p 00000000 00:00 0 
7f2cf5241000-7f2cf5375000 rw-p 00000000 00:00 0 
7f2cf5375000-7f2cf5380000 rw-p 00000000 00:00 0 
7f2cf5380000-7f2cf541a000 rw-p 00000000 00:00 0 
7f2cf541a000-7f2cf541b000 rw-p 00000000 00:00 0 
7f2cf541b000-7f2cf5423000 r-xp 00000000 08:01 3626                       /usr/lib/jvm/java-7-openjdk-amd64/jre/lib/amd64/libzip.so
7f2cf5423000-7f2cf5622000 ---p 00008000 08:01 3626                       /usr/lib/jvm/java-7-openjdk-amd64/jre/lib/amd64/libzip.so
7f2cf5622000-7f2cf5623000 r--p 00007000 08:01 3626                       /usr/lib/jvm/java-7-openjdk-amd64/jre/lib/amd64/libzip.so
7f2cf5623000-7f2cf5624000 rw-p 00008000 08:01 3626                       /usr/lib/jvm/java-7-openjdk-amd64/jre/lib/amd64/libzip.so
7f2cf5624000-7f2cf5630000 r-xp 00000000 08:01 274843                     /lib/x86_64-linux-gnu/libnss_files-2.15.so
7f2cf5630000-7f2cf582f000 ---p 0000c000 08:01 274843                     /lib/x86_64-linux-gnu/libnss_files-2.15.so
7f2cf582f000-7f2cf5830000 r--p 0000b000 08:01 274843                     /lib/x86_64-linux-gnu/libnss_files-2.15.so
7f2cf5830000-7f2cf5831000 rw-p 0000c000 08:01 274843                     /lib/x86_64-linux-gnu/libnss_files-2.15.so
7f2cf5831000-7f2cf583b000 r-xp 00000000 08:01 274839                     /lib/x86_64-linux-gnu/libnss_nis-2.15.so
7f2cf583b000-7f2cf5a3b000 ---p 0000a000 08:01 274839                     /lib/x86_64-linux-gnu/libnss_nis-2.15.so
7f2cf5a3b000-7f2cf5a3c000 r--p 0000a000 08:01 274839                     /lib/x86_64-linux-gnu/libnss_nis-2.15.so
7f2cf5a3c000-7f2cf5a3d000 rw-p 0000b000 08:01 274839                     /lib/x86_64-linux-gnu/libnss_nis-2.15.so
7f2cf5a3d000-7f2cf5a54000 r-xp 00000000 08:01 301673                     /lib/x86_64-linux-gnu/libnsl-2.15.so
7f2cf5a54000-7f2cf5c53000 ---p 00017000 08:01 301673                     /lib/x86_64-linux-gnu/libnsl-2.15.so
7f2cf5c53000-7f2cf5c54000 r--p 00016000 08:01 301673                     /lib/x86_64-linux-gnu/libnsl-2.15.so
7f2cf5c54000-7f2cf5c55000 rw-p 00017000 08:01 301673                     /lib/x86_64-linux-gnu/libnsl-2.15.so
7f2cf5c55000-7f2cf5c57000 rw-p 00000000 00:00 0 
7f2cf5c57000-7f2cf5c5f000 r-xp 00000000 08:01 301678                     /lib/x86_64-linux-gnu/libnss_compat-2.15.so
7f2cf5c5f000-7f2cf5e5e000 ---p 00008000 08:01 301678                     /lib/x86_64-linux-gnu/libnss_compat-2.15.so
7f2cf5e5e000-7f2cf5e5f000 r--p 00007000 08:01 301678                     /lib/x86_64-linux-gnu/libnss_compat-2.15.so
7f2cf5e5f000-7f2cf5e60000 rw-p 00008000 08:01 301678                     /lib/x86_64-linux-gnu/libnss_compat-2.15.so
7f2cf5e60000-7f2cf5e8b000 r-xp 00000000 08:01 3611                       /usr/lib/jvm/java-7-openjdk-amd64/jre/lib/amd64/libjava.so
7f2cf5e8b000-7f2cf608a000 ---p 0002b000 08:01 3611                       /usr/lib/jvm/java-7-openjdk-amd64/jre/lib/amd64/libjava.so
7f2cf608a000-7f2cf608b000 r--p 0002a000 08:01 3611                       /usr/lib/jvm/java-7-openjdk-amd64/jre/lib/amd64/libjava.so
7f2cf608b000-7f2cf608d000 rw-p 0002b000 08:01 3611                       /usr/lib/jvm/java-7-openjdk-amd64/jre/lib/amd64/libjava.so
7f2cf608d000-7f2cf609c000 r-xp 00000000 08:01 3610                       /usr/lib/jvm/java-7-openjdk-amd64/jre/lib/amd64/libverify.so
7f2cf609c000-7f2cf629b000 ---p 0000f000 08:01 3610                       /usr/lib/jvm/java-7-openjdk-amd64/jre/lib/amd64/libverify.so
7f2cf629b000-7f2cf629d000 r--p 0000e000 08:01 3610                       /usr/lib/jvm/java-7-openjdk-amd64/jre/lib/amd64/libverify.so
7f2cf629d000-7f2cf629e000 rw-p 00010000 08:01 3610                       /usr/lib/jvm/java-7-openjdk-amd64/jre/lib/amd64/libverify.so
7f2cf629e000-7f2cf62a5000 r-xp 00000000 08:01 300106                     /lib/x86_64-linux-gnu/librt-2.15.so
7f2cf62a5000-7f2cf64a4000 ---p 00007000 08:01 300106                     /lib/x86_64-linux-gnu/librt-2.15.so
7f2cf64a4000-7f2cf64a5000 r--p 00006000 08:01 300106                     /lib/x86_64-linux-gnu/librt-2.15.so
7f2cf64a5000-7f2cf64a6000 rw-p 00007000 08:01 300106                     /lib/x86_64-linux-gnu/librt-2.15.so
7f2cf64a6000-7f2cf64bb000 r-xp 00000000 08:01 267105                     /lib/x86_64-linux-gnu/libgcc_s.so.1
7f2cf64bb000-7f2cf66ba000 ---p 00015000 08:01 267105                     /lib/x86_64-linux-gnu/libgcc_s.so.1
7f2cf66ba000-7f2cf66bb000 r--p 00014000 08:01 267105                     /lib/x86_64-linux-gnu/libgcc_s.so.1
7f2cf66bb000-7f2cf66bc000 rw-p 00015000 08:01 267105                     /lib/x86_64-linux-gnu/libgcc_s.so.1
7f2cf66bc000-7f2cf67b7000 r-xp 00000000 08:01 301675                     /lib/x86_64-linux-gnu/libm-2.15.so
7f2cf67b7000-7f2cf69b6000 ---p 000fb000 08:01 301675                     /lib/x86_64-linux-gnu/libm-2.15.so
7f2cf69b6000-7f2cf69b7000 r--p 000fa000 08:01 301675                     /lib/x86_64-linux-gnu/libm-2.15.so
7f2cf69b7000-7f2cf69b8000 rw-p 000fb000 08:01 301675                     /lib/x86_64-linux-gnu/libm-2.15.so
7f2cf69b8000-7f2cf6a9d000 r-xp 00000000 08:01 14919                      /usr/lib/x86_64-linux-gnu/libstdc++.so.6.0.17
7f2cf6a9d000-7f2cf6c9c000 ---p 000e5000 08:01 14919                      /usr/lib/x86_64-linux-gnu/libstdc++.so.6.0.17
7f2cf6c9c000-7f2cf6ca4000 r--p 000e4000 08:01 14919                      /usr/lib/x86_64-linux-gnu/libstdc++.so.6.0.17
7f2cf6ca4000-7f2cf6ca6000 rw-p 000ec000 08:01 14919                      /usr/lib/x86_64-linux-gnu/libstdc++.so.6.0.17
7f2cf6ca6000-7f2cf6cbb000 rw-p 00000000 00:00 0 
7f2cf6cbb000-7f2cf76b6000 r-xp 00000000 08:01 3615                       /usr/lib/jvm/java-7-openjdk-amd64/jre/lib/amd64/server/libjvm.so
7f2cf76b6000-7f2cf78b5000 ---p 009fb000 08:01 3615                       /usr/lib/jvm/java-7-openjdk-amd64/jre/lib/amd64/server/libjvm.so
7f2cf78b5000-7f2cf7934000 r--p 009fa000 08:01 3615                       /usr/lib/jvm/java-7-openjdk-amd64/jre/lib/amd64/server/libjvm.so
7f2cf7934000-7f2cf7957000 rw-p 00a79000 08:01 3615                       /usr/lib/jvm/java-7-openjdk-amd64/jre/lib/amd64/server/libjvm.so
7f2cf7957000-7f2cf7982000 rw-p 00000000 00:00 0 
7f2cf7982000-7f2cf7998000 r-xp 00000000 08:01 267214                     /lib/x86_64-linux-gnu/libz.so.1.2.7
7f2cf7998000-7f2cf7b97000 ---p 00016000 08:01 267214                     /lib/x86_64-linux-gnu/libz.so.1.2.7
7f2cf7b97000-7f2cf7b98000 r--p 00015000 08:01 267214                     /lib/x86_64-linux-gnu/libz.so.1.2.7
7f2cf7b98000-7f2cf7b99000 rw-p 00016000 08:01 267214                     /lib/x86_64-linux-gnu/libz.so.1.2.7
7f2cf7b99000-7f2cf7bb1000 r-xp 00000000 08:01 274841                     /lib/x86_64-linux-gnu/libpthread-2.15.so
7f2cf7bb1000-7f2cf7db0000 ---p 00018000 08:01 274841                     /lib/x86_64-linux-gnu/libpthread-2.15.so
7f2cf7db0000-7f2cf7db1000 r--p 00017000 08:01 274841                     /lib/x86_64-linux-gnu/libpthread-2.15.so
7f2cf7db1000-7f2cf7db2000 rw-p 00018000 08:01 274841                     /lib/x86_64-linux-gnu/libpthread-2.15.so
7f2cf7db2000-7f2cf7db6000 rw-p 00000000 00:00 0 
7f2cf7db6000-7f2cf7db8000 r-xp 00000000 08:01 301677                     /lib/x86_64-linux-gnu/libdl-2.15.so
7f2cf7db8000-7f2cf7fb8000 ---p 00002000 08:01 301677                     /lib/x86_64-linux-gnu/libdl-2.15.so
7f2cf7fb8000-7f2cf7fb9000 r--p 00002000 08:01 301677                     /lib/x86_64-linux-gnu/libdl-2.15.so
7f2cf7fb9000-7f2cf7fba000 rw-p 00003000 08:01 301677                     /lib/x86_64-linux-gnu/libdl-2.15.so
7f2cf7fba000-7f2cf816f000 r-xp 00000000 08:01 301679                     /lib/x86_64-linux-gnu/libc-2.15.so
7f2cf816f000-7f2cf836e000 ---p 001b5000 08:01 301679                     /lib/x86_64-linux-gnu/libc-2.15.so
7f2cf836e000-7f2cf8372000 r--p 001b4000 08:01 301679                     /lib/x86_64-linux-gnu/libc-2.15.so
7f2cf8372000-7f2cf8374000 rw-p 001b8000 08:01 301679                     /lib/x86_64-linux-gnu/libc-2.15.so
7f2cf8374000-7f2cf8379000 rw-p 00000000 00:00 0 
7f2cf8396000-7f2cf83a3000 r-xp 00000000 08:01 2788                       /usr/lib/jvm/java-7-openjdk-amd64/jre/lib/amd64/jli/libjli.so
7f2cf83a3000-7f2cf85a2000 ---p 0000d000 08:01 2788                       /usr/lib/jvm/java-7-openjdk-amd64/jre/lib/amd64/jli/libjli.so
7f2cf85a2000-7f2cf85a3000 r--p 0000c000 08:01 2788                       /usr/lib/jvm/java-7-openjdk-amd64/jre/lib/amd64/jli/libjli.so
7f2cf85a3000-7f2cf85a4000 rw-p 0000d000 08:01 2788                       /usr/lib/jvm/java-7-openjdk-amd64/jre/lib/amd64/jli/libjli.so
7f2cf85a4000-7f2cf85c6000 r-xp 00000000 08:01 300158                     /lib/x86_64-linux-gnu/ld-2.15.so
7f2cf85cc000-7f2cf85fe000 rw-p 00000000 00:00 0 
7f2cf85fe000-7f2cf86b4000 rw-p 00000000 00:00 0 
7f2cf86b4000-7f2cf86bc000 rw-s 00000000 08:01 210816                     /tmp/hsperfdata_adserve/46222
7f2cf86bc000-7f2cf86bd000 rw-p 00000000 00:00 0 
7f2cf86bd000-7f2cf86be000 r--p 00000000 00:00 0 
7f2cf86be000-7f2cf86c1000 ---p 00000000 00:00 0 
7f2cf86c1000-7f2cf87c6000 rw-p 00000000 00:00 0                          [stack:46223]
7f2cf87c6000-7f2cf87c7000 r--p 00022000 08:01 300158                     /lib/x86_64-linux-gnu/ld-2.15.so
7f2cf87c7000-7f2cf87c9000 rw-p 00023000 08:01 300158                     /lib/x86_64-linux-gnu/ld-2.15.so
7fff24361000-7fff24382000 rw-p 00000000 00:00 0                          [stack]
7fff243ff000-7fff24400000 r-xp 00000000 00:00 0                          [vdso]
ffffffffff600000-ffffffffff601000 r-xp 00000000 00:00 0                  [vsyscall]

VM Arguments:
jvm_args: -Dfile.encoding=UTF-8 -Xbootclasspath:/home/adserve/XMLProjekt/sdk/platforms/android-17/android.jar 
java_command: de.fu.xml.xread.XSLT.RDF2HTML
Launcher Type: SUN_STANDARD

Environment Variables:
PATH=/usr/local/sbin:/usr/local/bin:/usr/sbin:/usr/bin:/sbin:/bin:/usr/games:/usr/local/games:/home/adserve/jruby-1.7.3/bin
USERNAME=adserve
SHELL=/bin/bash
DISPLAY=:0.0

Signal Handlers:
SIGSEGV: [libjvm.so+0x8574b0], sa_mask[0]=0x7ffbfeff, sa_flags=0x10000004
SIGBUS: [libjvm.so+0x8574b0], sa_mask[0]=0x7ffbfeff, sa_flags=0x10000004
SIGFPE: [libjvm.so+0x6f8200], sa_mask[0]=0x7ffbfeff, sa_flags=0x10000004
SIGPIPE: [libjvm.so+0x6f8200], sa_mask[0]=0x7ffbfeff, sa_flags=0x10000004
SIGXFSZ: [libjvm.so+0x6f8200], sa_mask[0]=0x7ffbfeff, sa_flags=0x10000004
SIGILL: [libjvm.so+0x6f8200], sa_mask[0]=0x7ffbfeff, sa_flags=0x10000004
SIGUSR1: SIG_DFL, sa_mask[0]=0x00000000, sa_flags=0x00000000
SIGUSR2: [libjvm.so+0x6f85d0], sa_mask[0]=0x00000004, sa_flags=0x10000004
SIGHUP: SIG_DFL, sa_mask[0]=0x00000000, sa_flags=0x00000000
SIGINT: SIG_DFL, sa_mask[0]=0x00000000, sa_flags=0x00000000
SIGTERM: SIG_DFL, sa_mask[0]=0x00000000, sa_flags=0x00000000
SIGQUIT: SIG_DFL, sa_mask[0]=0x00000000, sa_flags=0x00000000


---------------  S Y S T E M  ---------------

OS:LinuxMint 14 (nadia)
uname:Linux 3.5.0-17-generic #28-Ubuntu SMP Tue Oct 9 19:31:23 UTC 2012 x86_64
libc:glibc 2.15 NPTL 2.15 
rlimit: STACK 8192k, CORE 0k, NPROC 31439, NOFILE 4096, AS infinity
load average:0.50 0.52 0.50

/proc/meminfo:
MemTotal:        4042636 kB
MemFree:          174116 kB
Buffers:          255848 kB
Cached:           986192 kB
SwapCached:        78352 kB
Active:          1982492 kB
Inactive:        1321652 kB
Active(anon):    1367368 kB
Inactive(anon):   707348 kB
Active(file):     615124 kB
Inactive(file):   614304 kB
Unevictable:          16 kB
Mlocked:              16 kB
SwapTotal:       4217852 kB
SwapFree:        3877176 kB
Dirty:               308 kB
Writeback:             0 kB
AnonPages:       2017640 kB
Mapped:           122692 kB
Shmem:             12300 kB
Slab:             451832 kB
SReclaimable:     401516 kB
SUnreclaim:        50316 kB
KernelStack:        4304 kB
PageTables:        39220 kB
NFS_Unstable:          0 kB
Bounce:                0 kB
WritebackTmp:          0 kB
CommitLimit:     6239168 kB
Committed_AS:    5019496 kB
VmallocTotal:   34359738367 kB
VmallocUsed:      307272 kB
VmallocChunk:   34359428596 kB
HardwareCorrupted:     0 kB
AnonHugePages:         0 kB
HugePages_Total:       0
HugePages_Free:        0
HugePages_Rsvd:        0
HugePages_Surp:        0
Hugepagesize:       2048 kB
DirectMap4k:       67584 kB
DirectMap2M:     3078144 kB


CPU:total 4 (1 cores per cpu, 1 threads per core) family 6 model 58 stepping 9, cmov, cx8, fxsr, mmx, sse, sse2, sse3, ssse3, sse4.1, sse4.2, popcnt, avx, tsc, tscinvbit, tscinv

/proc/cpuinfo:
processor	: 0
vendor_id	: GenuineIntel
cpu family	: 6
model		: 58
model name	: Intel(R) Core(TM) i5-3320M CPU @ 2.60GHz
stepping	: 9
microcode	: 0x12
cpu MHz		: 2594.117
cache size	: 3072 KB
fpu		: yes
fpu_exception	: yes
cpuid level	: 13
wp		: yes
flags		: fpu vme de pse tsc msr pae mce cx8 apic sep mtrr pge mca cmov pat pse36 clflush dts mmx fxsr sse sse2 ss syscall nx rdtscp lm constant_tsc arch_perfmon pebs bts nopl xtopology tsc_reliable nonstop_tsc aperfmperf pni pclmulqdq ssse3 cx16 pcid sse4_1 sse4_2 x2apic popcnt aes xsave avx f16c rdrand hypervisor lahf_lm ida arat epb xsaveopt pln pts dtherm fsgsbase smep
bogomips	: 5188.23
clflush size	: 64
cache_alignment	: 64
address sizes	: 40 bits physical, 48 bits virtual
power management:

processor	: 1
vendor_id	: GenuineIntel
cpu family	: 6
model		: 58
model name	: Intel(R) Core(TM) i5-3320M CPU @ 2.60GHz
stepping	: 9
microcode	: 0x12
cpu MHz		: 2594.117
cache size	: 3072 KB
fpu		: yes
fpu_exception	: yes
cpuid level	: 13
wp		: yes
flags		: fpu vme de pse tsc msr pae mce cx8 apic sep mtrr pge mca cmov pat pse36 clflush dts mmx fxsr sse sse2 ss syscall nx rdtscp lm constant_tsc arch_perfmon pebs bts nopl xtopology tsc_reliable nonstop_tsc aperfmperf pni pclmulqdq ssse3 cx16 pcid sse4_1 sse4_2 x2apic popcnt aes xsave avx f16c rdrand hypervisor lahf_lm ida arat epb xsaveopt pln pts dtherm fsgsbase smep
bogomips	: 5188.23
clflush size	: 64
cache_alignment	: 64
address sizes	: 40 bits physical, 48 bits virtual
power management:

processor	: 2
vendor_id	: GenuineIntel
cpu family	: 6
model		: 58
model name	: Intel(R) Core(TM) i5-3320M CPU @ 2.60GHz
stepping	: 9
microcode	: 0x12
cpu MHz		: 2594.117
cache size	: 3072 KB
fpu		: yes
fpu_exception	: yes
cpuid level	: 13
wp		: yes
flags		: fpu vme de pse tsc msr pae mce cx8 apic sep mtrr pge mca cmov pat pse36 clflush dts mmx fxsr sse sse2 ss syscall nx rdtscp lm constant_tsc arch_perfmon pebs bts nopl xtopology tsc_reliable nonstop_tsc aperfmperf pni pclmulqdq ssse3 cx16 pcid sse4_1 sse4_2 x2apic popcnt aes xsave avx f16c rdrand hypervisor lahf_lm ida arat epb xsaveopt pln pts dtherm fsgsbase smep
bogomips	: 5188.23
clflush size	: 64
cache_alignment	: 64
address sizes	: 40 bits physical, 48 bits virtual
power management:

processor	: 3
vendor_id	: GenuineIntel
cpu family	: 6
model		: 58
model name	: Intel(R) Core(TM) i5-3320M CPU @ 2.60GHz
stepping	: 9
microcode	: 0x12
cpu MHz		: 2594.117
cache size	: 3072 KB
fpu		: yes
fpu_exception	: yes
cpuid level	: 13
wp		: yes
flags		: fpu vme de pse tsc msr pae mce cx8 apic sep mtrr pge mca cmov pat pse36 clflush dts mmx fxsr sse sse2 ss syscall nx rdtscp lm constant_tsc arch_perfmon pebs bts nopl xtopology tsc_reliable nonstop_tsc aperfmperf pni pclmulqdq ssse3 cx16 pcid sse4_1 sse4_2 x2apic popcnt aes xsave avx f16c rdrand hypervisor lahf_lm ida arat epb xsaveopt pln pts dtherm fsgsbase smep
bogomips	: 5188.23
clflush size	: 64
cache_alignment	: 64
address sizes	: 40 bits physical, 48 bits virtual
power management:



Memory: 4k page, physical 4042636k(173868k free), swap 4217852k(3877176k free)

vm_info: OpenJDK 64-Bit Server VM (23.7-b01) for linux-amd64 JRE (1.7.0_21-b02), built on Apr 22 2013 22:26:19 by "buildd" with gcc 4.7.2

time: Wed Jun 19 12:37:42 2013
elapsed time: 0 seconds

